Constructing tool from setup file IK_Setup_PS_ngait_og_ss3.xml.

reading object from file [D:\Dropbox\MATLAB\femoral_anteversion_paper\4_run_simulations\Dataset\GC5_FemAntev5Deg\GC5_FemAntev5Deg_IK_Tasks.xml] cwd =D:\Dropbox\MATLAB\femoral_anteversion_paper\4_run_simulations\Dataset\GC5_FemAntev5Deg\IK\IK setup files
Loaded model Rajagopal_no_arms-scaled_x0.6_kneeFiso_FemAntev5Deg from file D:\Dropbox\MATLAB\femoral_anteversion_paper\4_run_simulations\Dataset\GC5_FemAntev5Deg\GC5_FemAntev5Deg.osim
               MODEL: Rajagopal_no_arms-scaled_x0.6_kneeFiso_FemAntev5Deg
         coordinates: 25
              forces: 99
           actuators: 99
             muscles: 80
            analyses: 0
              probes: 0
              bodies: 15
              joints: 14
         constraints: 2
             markers: 47
         controllers: 0
  contact geometries: 0
misc modelcomponents: 0
Running tool IK_PS_ngait_og_ss3.
Loaded marker file D:\Dropbox\MATLAB\femoral_anteversion_paper\4_run_simulations\Dataset\GC5_FemAntev5Deg\trc\PS_ngait_og_ss3.trc (39 markers, 130 frames)
Frame 0 (t=0):	total squared error = 0.00116643, marker error: RMS=0.00645432, max=0.0173374 (Sternum)
Frame 1 (t=0.00833333):	total squared error = 0.00122904, marker error: RMS=0.00662527, max=0.0169683 (Sternum)
Frame 2 (t=0.0166667):	total squared error = 0.0012895, marker error: RMS=0.00678628, max=0.0166776 (Sternum)
Frame 3 (t=0.025):	total squared error = 0.0013461, marker error: RMS=0.00693361, max=0.0165571 (Sternum)
Frame 4 (t=0.0333333):	total squared error = 0.00139574, marker error: RMS=0.00706031, max=0.0162128 (Sternum)
Frame 5 (t=0.0416667):	total squared error = 0.00141771, marker error: RMS=0.00711566, max=0.0160235 (Sternum)
Frame 6 (t=0.05):	total squared error = 0.00146913, marker error: RMS=0.00724354, max=0.0158348 (Sternum)
Frame 7 (t=0.0583333):	total squared error = 0.00153738, marker error: RMS=0.00740988, max=0.0155901 (Sternum)
Frame 8 (t=0.0666667):	total squared error = 0.00157519, marker error: RMS=0.00750046, max=0.0152876 (Sternum)
Frame 9 (t=0.075):	total squared error = 0.00161903, marker error: RMS=0.0076041, max=0.0153126 (Sternum)
Frame 10 (t=0.0833333):	total squared error = 0.00167201, marker error: RMS=0.00772752, max=0.0153276 (Sternum)
Frame 11 (t=0.0916667):	total squared error = 0.00175958, marker error: RMS=0.00792731, max=0.0153665 (Sternum)
Frame 12 (t=0.1):	total squared error = 0.00184246, marker error: RMS=0.00811185, max=0.0159853 (RToe)
Frame 13 (t=0.108333):	total squared error = 0.00188659, marker error: RMS=0.00820842, max=0.0168957 (RToe)
Frame 14 (t=0.116667):	total squared error = 0.00191632, marker error: RMS=0.00827286, max=0.0175092 (RToe)
Frame 15 (t=0.125):	total squared error = 0.001902, marker error: RMS=0.00824189, max=0.0167469 (RToe)
Frame 16 (t=0.133333):	total squared error = 0.00179147, marker error: RMS=0.00799881, max=0.016797 (Sternum)
Frame 17 (t=0.141667):	total squared error = 0.00171292, marker error: RMS=0.0078215, max=0.0169172 (Sternum)
Frame 18 (t=0.15):	total squared error = 0.0017598, marker error: RMS=0.0079278, max=0.0170598 (Sternum)
Frame 19 (t=0.158333):	total squared error = 0.00186585, marker error: RMS=0.00816318, max=0.0171504 (Sternum)
Frame 20 (t=0.166667):	total squared error = 0.0020115, marker error: RMS=0.00847581, max=0.0172114 (Sternum)
Frame 21 (t=0.175):	total squared error = 0.00216754, marker error: RMS=0.00879843, max=0.0171513 (Sternum)
Frame 22 (t=0.183333):	total squared error = 0.00231179, marker error: RMS=0.00908647, max=0.0171468 (Sternum)
Frame 23 (t=0.191667):	total squared error = 0.00247064, marker error: RMS=0.00939347, max=0.016839 (Sternum)
Frame 24 (t=0.2):	total squared error = 0.00263848, marker error: RMS=0.00970729, max=0.0180047 (RThighSuperior)
Frame 25 (t=0.208333):	total squared error = 0.00283036, marker error: RMS=0.0100541, max=0.0203535 (RThighSuperior)
Frame 26 (t=0.216667):	total squared error = 0.00298488, marker error: RMS=0.0103249, max=0.0226403 (RThighSuperior)
Frame 27 (t=0.225):	total squared error = 0.00314236, marker error: RMS=0.0105937, max=0.0244621 (RThighSuperior)
Frame 28 (t=0.233333):	total squared error = 0.00325784, marker error: RMS=0.0107866, max=0.0255967 (RThighSuperior)
Frame 29 (t=0.241667):	total squared error = 0.0032913, marker error: RMS=0.0108419, max=0.0259375 (RThighSuperior)
Frame 30 (t=0.25):	total squared error = 0.00327126, marker error: RMS=0.0108088, max=0.0252871 (RThighSuperior)
Frame 31 (t=0.258333):	total squared error = 0.00321811, marker error: RMS=0.0107207, max=0.0239252 (RThighSuperior)
Frame 32 (t=0.266667):	total squared error = 0.00307294, marker error: RMS=0.0104761, max=0.0217108 (RThighSuperior)
Frame 33 (t=0.275):	total squared error = 0.00290025, marker error: RMS=0.0101774, max=0.01916 (RThighSuperior)
Frame 34 (t=0.283333):	total squared error = 0.00272471, marker error: RMS=0.00986464, max=0.0168938 (RThighSuperior)
Frame 35 (t=0.291667):	total squared error = 0.00262364, marker error: RMS=0.00967995, max=0.0164496 (LThighSuperior)
Frame 36 (t=0.3):	total squared error = 0.00254812, marker error: RMS=0.00953962, max=0.0162889 (LThighSuperior)
Frame 37 (t=0.308333):	total squared error = 0.00254692, marker error: RMS=0.00953737, max=0.0164147 (Sternum)
Frame 38 (t=0.316667):	total squared error = 0.00258653, marker error: RMS=0.00961125, max=0.0164314 (LThighSuperior)
Frame 39 (t=0.325):	total squared error = 0.00269803, marker error: RMS=0.00981622, max=0.0166413 (LThighSuperior)
Frame 40 (t=0.333333):	total squared error = 0.00284092, marker error: RMS=0.0100728, max=0.0174592 (LThighInferior)
Frame 41 (t=0.341667):	total squared error = 0.002976, marker error: RMS=0.0103095, max=0.0198298 (LThighInferior)
Frame 42 (t=0.35):	total squared error = 0.00317058, marker error: RMS=0.0106412, max=0.0222299 (LThighInferior)
Frame 43 (t=0.358333):	total squared error = 0.00335646, marker error: RMS=0.0109487, max=0.0245502 (LThighInferior)
Frame 44 (t=0.366667):	total squared error = 0.00354196, marker error: RMS=0.0112472, max=0.0266988 (LThighInferior)
Frame 45 (t=0.375):	total squared error = 0.00368544, marker error: RMS=0.0114727, max=0.0286417 (LThighInferior)
Frame 46 (t=0.383333):	total squared error = 0.00380673, marker error: RMS=0.01166, max=0.0304594 (LThighInferior)
Frame 47 (t=0.391667):	total squared error = 0.00386348, marker error: RMS=0.0117465, max=0.0321759 (LThighInferior)
Frame 48 (t=0.4):	total squared error = 0.00391579, marker error: RMS=0.0118258, max=0.0335594 (LThighInferior)
Frame 49 (t=0.408333):	total squared error = 0.00392077, marker error: RMS=0.0118333, max=0.0344411 (LThighInferior)
Frame 50 (t=0.416667):	total squared error = 0.00394029, marker error: RMS=0.0118627, max=0.0348717 (LThighInferior)
Frame 51 (t=0.425):	total squared error = 0.00396698, marker error: RMS=0.0119028, max=0.0349389 (LThighInferior)
Frame 52 (t=0.433333):	total squared error = 0.00393502, marker error: RMS=0.0118548, max=0.0344526 (LThighInferior)
Frame 53 (t=0.441667):	total squared error = 0.00386705, marker error: RMS=0.011752, max=0.0337258 (LThighInferior)
Frame 54 (t=0.45):	total squared error = 0.00373873, marker error: RMS=0.0115553, max=0.032448 (LThighInferior)
Frame 55 (t=0.458333):	total squared error = 0.00360833, marker error: RMS=0.011352, max=0.0308658 (LThighInferior)
Frame 56 (t=0.466667):	total squared error = 0.00352549, marker error: RMS=0.011221, max=0.0289559 (LThighInferior)
Frame 57 (t=0.475):	total squared error = 0.00342052, marker error: RMS=0.0110527, max=0.0267333 (LThighInferior)
Frame 58 (t=0.483333):	total squared error = 0.00328598, marker error: RMS=0.0108331, max=0.02608 (LThighSuperior)
Frame 59 (t=0.491667):	total squared error = 0.00317503, marker error: RMS=0.0106487, max=0.0266352 (LThighSuperior)
Frame 60 (t=0.5):	total squared error = 0.00313521, marker error: RMS=0.0105817, max=0.0272238 (LThighSuperior)
Frame 61 (t=0.508333):	total squared error = 0.00306809, marker error: RMS=0.0104678, max=0.0277924 (LThighSuperior)
Frame 62 (t=0.516667):	total squared error = 0.00298574, marker error: RMS=0.0103263, max=0.0282826 (LThighSuperior)
Frame 63 (t=0.525):	total squared error = 0.00302791, marker error: RMS=0.010399, max=0.0288814 (LThighSuperior)
Frame 64 (t=0.533333):	total squared error = 0.00308802, marker error: RMS=0.0105017, max=0.0292566 (LThighSuperior)
Frame 65 (t=0.541667):	total squared error = 0.00314534, marker error: RMS=0.0105988, max=0.0294319 (LThighSuperior)
Frame 66 (t=0.55):	total squared error = 0.00316276, marker error: RMS=0.0106281, max=0.0293918 (LThighSuperior)
Frame 67 (t=0.558333):	total squared error = 0.00319807, marker error: RMS=0.0106872, max=0.0293087 (LThighSuperior)
Frame 68 (t=0.566667):	total squared error = 0.00323138, marker error: RMS=0.0107427, max=0.0289878 (LThighSuperior)
Frame 69 (t=0.575):	total squared error = 0.00321298, marker error: RMS=0.0107121, max=0.0286269 (LThighSuperior)
Frame 70 (t=0.583333):	total squared error = 0.00313622, marker error: RMS=0.0105834, max=0.0281228 (LThighSuperior)
Frame 71 (t=0.591667):	total squared error = 0.00304762, marker error: RMS=0.0104328, max=0.0273428 (LThighSuperior)
Frame 72 (t=0.6):	total squared error = 0.00294338, marker error: RMS=0.0102528, max=0.0263234 (LThighSuperior)
Frame 73 (t=0.608333):	total squared error = 0.00286638, marker error: RMS=0.0101178, max=0.0252023 (LThighSuperior)
Frame 74 (t=0.616667):	total squared error = 0.00280722, marker error: RMS=0.0100129, max=0.024164 (LThighSuperior)
Frame 75 (t=0.625):	total squared error = 0.00275655, marker error: RMS=0.00992211, max=0.0231841 (LThighSuperior)
Frame 76 (t=0.633333):	total squared error = 0.00271373, marker error: RMS=0.00984475, max=0.0219704 (LThighSuperior)
Frame 77 (t=0.641667):	total squared error = 0.00265196, marker error: RMS=0.00973205, max=0.0206127 (LThighSuperior)
Frame 78 (t=0.65):	total squared error = 0.00261471, marker error: RMS=0.00966346, max=0.0192807 (LThighSuperior)
Frame 79 (t=0.658333):	total squared error = 0.00255126, marker error: RMS=0.0095455, max=0.0180714 (LThighSuperior)
Frame 80 (t=0.666667):	total squared error = 0.00251561, marker error: RMS=0.00947856, max=0.0167517 (LThighSuperior)
Frame 81 (t=0.675):	total squared error = 0.00268091, marker error: RMS=0.00978504, max=0.0162443 (LToe)
Frame 82 (t=0.683333):	total squared error = 0.00302935, marker error: RMS=0.0104015, max=0.0206459 (LShankSuperior)
Frame 83 (t=0.691667):	total squared error = 0.00355589, marker error: RMS=0.0112692, max=0.0288203 (LShankSuperior)
Frame 84 (t=0.7):	total squared error = 0.00427825, marker error: RMS=0.012361, max=0.0370341 (LShankSuperior)
Frame 85 (t=0.708333):	total squared error = 0.00522567, marker error: RMS=0.0136613, max=0.0451018 (LShankSuperior)
Frame 86 (t=0.716667):	total squared error = 0.00623854, marker error: RMS=0.0149266, max=0.0526855 (LShankSuperior)
Frame 87 (t=0.725):	total squared error = 0.00729198, marker error: RMS=0.0161378, max=0.0593393 (LShankSuperior)
Frame 88 (t=0.733333):	total squared error = 0.00822408, marker error: RMS=0.0171382, max=0.0646407 (LShankSuperior)
Frame 89 (t=0.741667):	total squared error = 0.00901994, marker error: RMS=0.0179483, max=0.0690566 (LShankSuperior)
Frame 90 (t=0.75):	total squared error = 0.00966754, marker error: RMS=0.0185814, max=0.0727241 (LShankSuperior)
Frame 91 (t=0.758333):	total squared error = 0.0101706, marker error: RMS=0.0190588, max=0.0753986 (LShankSuperior)
Frame 92 (t=0.766667):	total squared error = 0.0105732, marker error: RMS=0.0194323, max=0.0772462 (LShankSuperior)
Frame 93 (t=0.775):	total squared error = 0.0107857, marker error: RMS=0.0196266, max=0.0778813 (LShankSuperior)
Frame 94 (t=0.783333):	total squared error = 0.0108082, marker error: RMS=0.0196471, max=0.0780575 (LShankSuperior)
Frame 95 (t=0.791667):	total squared error = 0.0107332, marker error: RMS=0.0195788, max=0.0776919 (LShankSuperior)
Frame 96 (t=0.8):	total squared error = 0.0103583, marker error: RMS=0.0192338, max=0.0762288 (LShankSuperior)
Frame 97 (t=0.808333):	total squared error = 0.00978047, marker error: RMS=0.0186896, max=0.0740686 (LShankSuperior)
Frame 98 (t=0.816667):	total squared error = 0.00914046, marker error: RMS=0.0180678, max=0.0716412 (LShankSuperior)
Frame 99 (t=0.825):	total squared error = 0.00840384, marker error: RMS=0.0173245, max=0.0686457 (LShankSuperior)
Frame 100 (t=0.833333):	total squared error = 0.00804989, marker error: RMS=0.0169557, max=0.0663303 (LShankSuperior)
Frame 101 (t=0.841667):	total squared error = 0.00717239, marker error: RMS=0.0160049, max=0.0619316 (LShankSuperior)
Frame 102 (t=0.85):	total squared error = 0.00608049, marker error: RMS=0.0147364, max=0.0562787 (LShankSuperior)
Frame 103 (t=0.858333):	total squared error = 0.00521745, marker error: RMS=0.0136505, max=0.0509423 (LShankSuperior)
Frame 104 (t=0.866667):	total squared error = 0.00441301, marker error: RMS=0.0125542, max=0.0454247 (LShankSuperior)
Frame 105 (t=0.875):	total squared error = 0.00368956, marker error: RMS=0.0114791, max=0.0394578 (LShankSuperior)
Frame 106 (t=0.883333):	total squared error = 0.00301389, marker error: RMS=0.0103749, max=0.0328724 (LShankSuperior)
Frame 107 (t=0.891667):	total squared error = 0.00245464, marker error: RMS=0.009363, max=0.0261672 (LShankSuperior)
Frame 108 (t=0.9):	total squared error = 0.00202584, marker error: RMS=0.00850597, max=0.019306 (LShankSuperior)
Frame 109 (t=0.908333):	total squared error = 0.00173185, marker error: RMS=0.00786459, max=0.0166537 (Sternum)
Frame 110 (t=0.916667):	total squared error = 0.00167772, marker error: RMS=0.0077407, max=0.0166209 (Sternum)
Frame 111 (t=0.925):	total squared error = 0.00161856, marker error: RMS=0.00760301, max=0.0164873 (Sternum)
Frame 112 (t=0.933333):	total squared error = 0.00157414, marker error: RMS=0.00749796, max=0.016181 (Sternum)
Frame 113 (t=0.941667):	total squared error = 0.00153232, marker error: RMS=0.00739769, max=0.016011 (Sternum)
Frame 114 (t=0.95):	total squared error = 0.001499, marker error: RMS=0.00731682, max=0.0158079 (Sternum)
Frame 115 (t=0.958333):	total squared error = 0.00145776, marker error: RMS=0.00721547, max=0.0156065 (Sternum)
Frame 116 (t=0.966667):	total squared error = 0.0013988, marker error: RMS=0.00706803, max=0.0153645 (Sternum)
Frame 117 (t=0.975):	total squared error = 0.00132494, marker error: RMS=0.00687889, max=0.0150907 (Sternum)
Frame 118 (t=0.983333):	total squared error = 0.00127047, marker error: RMS=0.00673602, max=0.0148567 (Sternum)
Frame 119 (t=0.991667):	total squared error = 0.0012057, marker error: RMS=0.00656206, max=0.0148258 (Sternum)
Frame 120 (t=1):	total squared error = 0.00116077, marker error: RMS=0.00643865, max=0.0147881 (Sternum)
Frame 121 (t=1.00833):	total squared error = 0.00111603, marker error: RMS=0.00631333, max=0.0147915 (Sternum)
Frame 122 (t=1.01667):	total squared error = 0.00106987, marker error: RMS=0.00618139, max=0.0148695 (Sternum)
Frame 123 (t=1.025):	total squared error = 0.00102111, marker error: RMS=0.00603888, max=0.0148617 (Sternum)
Frame 124 (t=1.03333):	total squared error = 0.000978923, marker error: RMS=0.00591283, max=0.0148765 (Sternum)
Frame 125 (t=1.04167):	total squared error = 0.000944289, marker error: RMS=0.00580729, max=0.0149887 (Sternum)
Frame 126 (t=1.05):	total squared error = 0.000938002, marker error: RMS=0.00578793, max=0.0151092 (Sternum)
Frame 127 (t=1.05833):	total squared error = 0.000970808, marker error: RMS=0.00588827, max=0.015254 (Sternum)
Frame 128 (t=1.06667):	total squared error = 0.00101514, marker error: RMS=0.0060212, max=0.0154258 (Sternum)
Frame 129 (t=1.075):	total squared error = 0.00106231, marker error: RMS=0.00615952, max=0.0154817 (Sternum)
InverseKinematicsTool completed 129 frames in 6.731s

IK compute time = 6967ms

