Constructing tool from setup file IK_Setup_PS_ngait_og_ss8.xml.

reading object from file [D:\Dropbox\MATLAB\femoral_anteversion_paper\4_run_simulations\Dataset\GC5_FemAntev19Deg\GC5_FemAntev19Deg_IK_Tasks.xml] cwd =D:\Dropbox\MATLAB\femoral_anteversion_paper\4_run_simulations\Dataset\GC5_FemAntev19Deg\IK\IK setup files
Loaded model Rajagopal_no_arms-scaled_x0.6_kneeFiso_FemAntev19Deg from file D:\Dropbox\MATLAB\femoral_anteversion_paper\4_run_simulations\Dataset\GC5_FemAntev19Deg\GC5_FemAntev19Deg.osim
               MODEL: Rajagopal_no_arms-scaled_x0.6_kneeFiso_FemAntev19Deg
         coordinates: 25
              forces: 99
           actuators: 99
             muscles: 80
            analyses: 0
              probes: 0
              bodies: 15
              joints: 14
         constraints: 2
             markers: 47
         controllers: 0
  contact geometries: 0
misc modelcomponents: 0
Running tool IK_PS_ngait_og_ss8.
Loaded marker file D:\Dropbox\MATLAB\femoral_anteversion_paper\4_run_simulations\Dataset\GC5_FemAntev19Deg\trc\PS_ngait_og_ss8.trc (39 markers, 129 frames)
Frame 0 (t=0):	total squared error = 0.00120032, marker error: RMS=0.0065474, max=0.0152488 (Sternum)
Frame 1 (t=0.00833333):	total squared error = 0.00123443, marker error: RMS=0.00663979, max=0.0146665 (Sternum)
Frame 2 (t=0.0166667):	total squared error = 0.00123406, marker error: RMS=0.0066388, max=0.0142946 (Sternum)
Frame 3 (t=0.025):	total squared error = 0.00122715, marker error: RMS=0.00662017, max=0.0135042 (Sternum)
Frame 4 (t=0.0333333):	total squared error = 0.00125662, marker error: RMS=0.00669921, max=0.0134471 (Sternum)
Frame 5 (t=0.0416667):	total squared error = 0.00124895, marker error: RMS=0.00667873, max=0.0135182 (Sternum)
Frame 6 (t=0.05):	total squared error = 0.00124924, marker error: RMS=0.00667951, max=0.0136744 (Sternum)
Frame 7 (t=0.0583333):	total squared error = 0.00127188, marker error: RMS=0.00673975, max=0.0140933 (Sternum)
Frame 8 (t=0.0666667):	total squared error = 0.00125553, marker error: RMS=0.00669629, max=0.0140104 (RToe)
Frame 9 (t=0.075):	total squared error = 0.00126616, marker error: RMS=0.00672458, max=0.0155024 (RToe)
Frame 10 (t=0.0833333):	total squared error = 0.00133395, marker error: RMS=0.00690224, max=0.0173732 (RToe)
Frame 11 (t=0.0916667):	total squared error = 0.00136687, marker error: RMS=0.0069869, max=0.0184141 (RToe)
Frame 12 (t=0.1):	total squared error = 0.00142644, marker error: RMS=0.00713753, max=0.0190658 (RToe)
Frame 13 (t=0.108333):	total squared error = 0.00147748, marker error: RMS=0.0072641, max=0.0190748 (RToe)
Frame 14 (t=0.116667):	total squared error = 0.00148228, marker error: RMS=0.00727589, max=0.0178041 (RToe)
Frame 15 (t=0.125):	total squared error = 0.00148904, marker error: RMS=0.00729245, max=0.0163425 (RToe)
Frame 16 (t=0.133333):	total squared error = 0.00151183, marker error: RMS=0.00734805, max=0.0148831 (Sternum)
Frame 17 (t=0.141667):	total squared error = 0.00168456, marker error: RMS=0.00775648, max=0.0151071 (Sternum)
Frame 18 (t=0.15):	total squared error = 0.00185025, marker error: RMS=0.00812899, max=0.0151388 (Sternum)
Frame 19 (t=0.158333):	total squared error = 0.00211567, marker error: RMS=0.0086925, max=0.0151505 (Sternum)
Frame 20 (t=0.166667):	total squared error = 0.00231451, marker error: RMS=0.00909182, max=0.0158714 (RToe)
Frame 21 (t=0.175):	total squared error = 0.0025014, marker error: RMS=0.00945176, max=0.01729 (RToe)
Frame 22 (t=0.183333):	total squared error = 0.00268765, marker error: RMS=0.00979733, max=0.0183956 (RToe)
Frame 23 (t=0.191667):	total squared error = 0.0028169, marker error: RMS=0.0100301, max=0.0186788 (RShankSuperior)
Frame 24 (t=0.2):	total squared error = 0.00286011, marker error: RMS=0.0101068, max=0.0193972 (RShankSuperior)
Frame 25 (t=0.208333):	total squared error = 0.00281438, marker error: RMS=0.0100256, max=0.0195821 (RShankSuperior)
Frame 26 (t=0.216667):	total squared error = 0.00271788, marker error: RMS=0.00985227, max=0.0193132 (RShankSuperior)
Frame 27 (t=0.225):	total squared error = 0.0025891, marker error: RMS=0.00961602, max=0.0187603 (RShankSuperior)
Frame 28 (t=0.233333):	total squared error = 0.00245987, marker error: RMS=0.00937297, max=0.0181156 (RShankSuperior)
Frame 29 (t=0.241667):	total squared error = 0.00229847, marker error: RMS=0.00906025, max=0.0175929 (RShankSuperior)
Frame 30 (t=0.25):	total squared error = 0.00220753, marker error: RMS=0.00887921, max=0.0172791 (RShankSuperior)
Frame 31 (t=0.258333):	total squared error = 0.00213496, marker error: RMS=0.00873205, max=0.0170855 (RShankSuperior)
Frame 32 (t=0.266667):	total squared error = 0.00206702, marker error: RMS=0.00859198, max=0.0168164 (RShankSuperior)
Frame 33 (t=0.275):	total squared error = 0.00202326, marker error: RMS=0.00850056, max=0.0160826 (RThighSuperior)
Frame 34 (t=0.283333):	total squared error = 0.00196622, marker error: RMS=0.00837987, max=0.0159684 (RThighSuperior)
Frame 35 (t=0.291667):	total squared error = 0.00192845, marker error: RMS=0.00829898, max=0.0156751 (RThighSuperior)
Frame 36 (t=0.3):	total squared error = 0.00190166, marker error: RMS=0.00824115, max=0.0157105 (Sternum)
Frame 37 (t=0.308333):	total squared error = 0.001842, marker error: RMS=0.00811085, max=0.0157704 (Sternum)
Frame 38 (t=0.316667):	total squared error = 0.00178725, marker error: RMS=0.00798939, max=0.0155209 (Sternum)
Frame 39 (t=0.325):	total squared error = 0.00177311, marker error: RMS=0.00795772, max=0.0153756 (Sternum)
Frame 40 (t=0.333333):	total squared error = 0.00177567, marker error: RMS=0.00796347, max=0.0154514 (Sternum)
Frame 41 (t=0.341667):	total squared error = 0.00178363, marker error: RMS=0.00798128, max=0.0152905 (Sternum)
Frame 42 (t=0.35):	total squared error = 0.00180275, marker error: RMS=0.00802396, max=0.0151796 (Sternum)
Frame 43 (t=0.358333):	total squared error = 0.00180321, marker error: RMS=0.00802498, max=0.0151176 (Sternum)
Frame 44 (t=0.366667):	total squared error = 0.00187017, marker error: RMS=0.00817263, max=0.0151087 (Sternum)
Frame 45 (t=0.375):	total squared error = 0.00190948, marker error: RMS=0.00825807, max=0.015217 (LThighSuperior)
Frame 46 (t=0.383333):	total squared error = 0.00195549, marker error: RMS=0.00835696, max=0.0161704 (LThighSuperior)
Frame 47 (t=0.391667):	total squared error = 0.0020109, marker error: RMS=0.00847453, max=0.0173643 (LThighSuperior)
Frame 48 (t=0.4):	total squared error = 0.00214504, marker error: RMS=0.00875264, max=0.0187066 (RThighSuperior)
Frame 49 (t=0.408333):	total squared error = 0.00228909, marker error: RMS=0.00904175, max=0.0204205 (RThighSuperior)
Frame 50 (t=0.416667):	total squared error = 0.00241439, marker error: RMS=0.00928592, max=0.0219879 (RThighSuperior)
Frame 51 (t=0.425):	total squared error = 0.002499, marker error: RMS=0.00944723, max=0.0233516 (RThighSuperior)
Frame 52 (t=0.433333):	total squared error = 0.00250282, marker error: RMS=0.00945444, max=0.0243421 (RThighSuperior)
Frame 53 (t=0.441667):	total squared error = 0.00248646, marker error: RMS=0.00942349, max=0.0250671 (RThighSuperior)
Frame 54 (t=0.45):	total squared error = 0.0024576, marker error: RMS=0.00936863, max=0.0252306 (RThighSuperior)
Frame 55 (t=0.458333):	total squared error = 0.00239899, marker error: RMS=0.00925625, max=0.0248916 (RThighSuperior)
Frame 56 (t=0.466667):	total squared error = 0.00230768, marker error: RMS=0.00907839, max=0.023875 (RThighSuperior)
Frame 57 (t=0.475):	total squared error = 0.0021938, marker error: RMS=0.00885156, max=0.0228553 (LThighSuperior)
Frame 58 (t=0.483333):	total squared error = 0.0020911, marker error: RMS=0.00864188, max=0.0223847 (LThighSuperior)
Frame 59 (t=0.491667):	total squared error = 0.00197155, marker error: RMS=0.00839122, max=0.0217626 (LThighSuperior)
Frame 60 (t=0.5):	total squared error = 0.00184981, marker error: RMS=0.00812802, max=0.0210906 (LThighSuperior)
Frame 61 (t=0.508333):	total squared error = 0.00174668, marker error: RMS=0.0078982, max=0.0202387 (LThighSuperior)
Frame 62 (t=0.516667):	total squared error = 0.00167725, marker error: RMS=0.00773963, max=0.0194144 (LThighSuperior)
Frame 63 (t=0.525):	total squared error = 0.00164081, marker error: RMS=0.00765508, max=0.0186016 (LThighSuperior)
Frame 64 (t=0.533333):	total squared error = 0.00161745, marker error: RMS=0.00760039, max=0.0178338 (LThighSuperior)
Frame 65 (t=0.541667):	total squared error = 0.00159311, marker error: RMS=0.00754299, max=0.017146 (LThighSuperior)
Frame 66 (t=0.55):	total squared error = 0.00156641, marker error: RMS=0.00747953, max=0.0165172 (LThighSuperior)
Frame 67 (t=0.558333):	total squared error = 0.00156053, marker error: RMS=0.00746547, max=0.0157668 (LThighSuperior)
Frame 68 (t=0.566667):	total squared error = 0.00154941, marker error: RMS=0.00743883, max=0.015046 (LThighSuperior)
Frame 69 (t=0.575):	total squared error = 0.00156461, marker error: RMS=0.00747522, max=0.0142762 (LThighSuperior)
Frame 70 (t=0.583333):	total squared error = 0.00156643, marker error: RMS=0.00747956, max=0.0139192 (LHeel)
Frame 71 (t=0.591667):	total squared error = 0.00157485, marker error: RMS=0.00749965, max=0.0139438 (Sternum)
Frame 72 (t=0.6):	total squared error = 0.00161201, marker error: RMS=0.00758761, max=0.0139763 (Sternum)
Frame 73 (t=0.608333):	total squared error = 0.00157725, marker error: RMS=0.00750534, max=0.0139258 (Sternum)
Frame 74 (t=0.616667):	total squared error = 0.00153903, marker error: RMS=0.00741386, max=0.014018 (Sternum)
Frame 75 (t=0.625):	total squared error = 0.00156249, marker error: RMS=0.00747015, max=0.0140238 (Sternum)
Frame 76 (t=0.633333):	total squared error = 0.00161982, marker error: RMS=0.00760596, max=0.0141632 (Sternum)
Frame 77 (t=0.641667):	total squared error = 0.00182063, marker error: RMS=0.00806365, max=0.0143317 (LToe)
Frame 78 (t=0.65):	total squared error = 0.00211342, marker error: RMS=0.00868789, max=0.0155036 (LToe)
Frame 79 (t=0.658333):	total squared error = 0.00242337, marker error: RMS=0.00930317, max=0.0184346 (LShankSuperior)
Frame 80 (t=0.666667):	total squared error = 0.00274675, marker error: RMS=0.00990446, max=0.0219382 (LShankSuperior)
Frame 81 (t=0.675):	total squared error = 0.00313866, marker error: RMS=0.0105875, max=0.0246093 (LShankSuperior)
Frame 82 (t=0.683333):	total squared error = 0.00354696, marker error: RMS=0.0112551, max=0.0266565 (LShankSuperior)
Frame 83 (t=0.691667):	total squared error = 0.00405601, marker error: RMS=0.0120357, max=0.0297555 (LShankSuperior)
Frame 84 (t=0.7):	total squared error = 0.00448122, marker error: RMS=0.0126508, max=0.0320268 (LShankSuperior)
Frame 85 (t=0.708333):	total squared error = 0.00490027, marker error: RMS=0.0132291, max=0.0343144 (LShankSuperior)
Frame 86 (t=0.716667):	total squared error = 0.00527053, marker error: RMS=0.0137198, max=0.0368592 (LShankSuperior)
Frame 87 (t=0.725):	total squared error = 0.00555151, marker error: RMS=0.0140808, max=0.0391597 (LShankSuperior)
Frame 88 (t=0.733333):	total squared error = 0.0058056, marker error: RMS=0.0143994, max=0.0421292 (LShankSuperior)
Frame 89 (t=0.741667):	total squared error = 0.0059746, marker error: RMS=0.0146075, max=0.0437923 (LShankSuperior)
Frame 90 (t=0.75):	total squared error = 0.00616483, marker error: RMS=0.0148382, max=0.0423232 (LShankSuperior)
Frame 91 (t=0.758333):	total squared error = 0.00612217, marker error: RMS=0.0147868, max=0.0422217 (LShankSuperior)
Frame 92 (t=0.766667):	total squared error = 0.00603612, marker error: RMS=0.0146825, max=0.0421991 (LShankSuperior)
Frame 93 (t=0.775):	total squared error = 0.0059239, marker error: RMS=0.0145454, max=0.0422184 (LShankSuperior)
Frame 94 (t=0.783333):	total squared error = 0.00575761, marker error: RMS=0.0143398, max=0.0416913 (LShankSuperior)
Frame 95 (t=0.791667):	total squared error = 0.00554842, marker error: RMS=0.0140769, max=0.041087 (LShankSuperior)
Frame 96 (t=0.8):	total squared error = 0.00534359, marker error: RMS=0.0138146, max=0.0412633 (LShankSuperior)
Frame 97 (t=0.808333):	total squared error = 0.00499714, marker error: RMS=0.0133592, max=0.0399607 (LShankSuperior)
Frame 98 (t=0.816667):	total squared error = 0.00462219, marker error: RMS=0.0128483, max=0.038328 (LShankSuperior)
Frame 99 (t=0.825):	total squared error = 0.004268, marker error: RMS=0.0123462, max=0.0366546 (LShankSuperior)
Frame 100 (t=0.833333):	total squared error = 0.00394381, marker error: RMS=0.011868, max=0.0347209 (LShankSuperior)
Frame 101 (t=0.841667):	total squared error = 0.00353356, marker error: RMS=0.0112338, max=0.031804 (LShankSuperior)
Frame 102 (t=0.85):	total squared error = 0.00323452, marker error: RMS=0.0107479, max=0.0290685 (LShankSuperior)
Frame 103 (t=0.858333):	total squared error = 0.00296433, marker error: RMS=0.0102893, max=0.026543 (LShankSuperior)
Frame 104 (t=0.866667):	total squared error = 0.00271138, marker error: RMS=0.00984047, max=0.0238233 (LShankSuperior)
Frame 105 (t=0.875):	total squared error = 0.0024654, marker error: RMS=0.00938349, max=0.0205381 (LShankSuperior)
Frame 106 (t=0.883333):	total squared error = 0.00218358, marker error: RMS=0.00883091, max=0.0175439 (LShankSuperior)
Frame 107 (t=0.891667):	total squared error = 0.00197806, marker error: RMS=0.00840505, max=0.0169837 (Sternum)
Frame 108 (t=0.9):	total squared error = 0.00185214, marker error: RMS=0.00813314, max=0.0171301 (Sternum)
Frame 109 (t=0.908333):	total squared error = 0.00176276, marker error: RMS=0.00793445, max=0.0171064 (Sternum)
Frame 110 (t=0.916667):	total squared error = 0.00169513, marker error: RMS=0.00778078, max=0.0171802 (Sternum)
Frame 111 (t=0.925):	total squared error = 0.00162455, marker error: RMS=0.00761705, max=0.0171913 (Sternum)
Frame 112 (t=0.933333):	total squared error = 0.0015318, marker error: RMS=0.00739643, max=0.0171689 (Sternum)
Frame 113 (t=0.941667):	total squared error = 0.00146291, marker error: RMS=0.00722819, max=0.0172071 (Sternum)
Frame 114 (t=0.95):	total squared error = 0.00136917, marker error: RMS=0.00699279, max=0.0171175 (Sternum)
Frame 115 (t=0.958333):	total squared error = 0.00127948, marker error: RMS=0.00675987, max=0.0171499 (Sternum)
Frame 116 (t=0.966667):	total squared error = 0.00119311, marker error: RMS=0.00652773, max=0.0170546 (Sternum)
Frame 117 (t=0.975):	total squared error = 0.00105544, marker error: RMS=0.00613956, max=0.0151982 (Sternum)
Frame 118 (t=0.983333):	total squared error = 0.000970375, marker error: RMS=0.00588696, max=0.0150871 (Sternum)
Frame 119 (t=0.991667):	total squared error = 0.000916637, marker error: RMS=0.00572163, max=0.0152796 (Sternum)
Frame 120 (t=1):	total squared error = 0.000880547, marker error: RMS=0.00560786, max=0.0155951 (Sternum)
Frame 121 (t=1.00833):	total squared error = 0.000865278, marker error: RMS=0.00555903, max=0.015983 (Sternum)
Frame 122 (t=1.01667):	total squared error = 0.000907924, marker error: RMS=0.00569437, max=0.0163115 (Sternum)
Frame 123 (t=1.025):	total squared error = 0.000977697, marker error: RMS=0.00590912, max=0.0166209 (Sternum)
Frame 124 (t=1.03333):	total squared error = 0.00104613, marker error: RMS=0.00611242, max=0.0165934 (Sternum)
Frame 125 (t=1.04167):	total squared error = 0.00109961, marker error: RMS=0.00626671, max=0.0165661 (Sternum)
Frame 126 (t=1.05):	total squared error = 0.00111696, marker error: RMS=0.00631597, max=0.0164506 (Sternum)
Frame 127 (t=1.05833):	total squared error = 0.00111121, marker error: RMS=0.0062997, max=0.0164126 (Sternum)
Frame 128 (t=1.06667):	total squared error = 0.00105461, marker error: RMS=0.00613714, max=0.0162494 (Sternum)
InverseKinematicsTool completed 128 frames in 9.608s

IK compute time = 9971ms

