Constructing tool from setup file IK_Setup_PS_ngait_og_ss11.xml.

reading object from file [D:\Dropbox\MATLAB\femoral_anteversion_paper\4_run_simulations\Dataset\GC5_FemAntev19Deg\GC5_FemAntev19Deg_IK_Tasks.xml] cwd =D:\Dropbox\MATLAB\femoral_anteversion_paper\4_run_simulations\Dataset\GC5_FemAntev19Deg\IK\IK setup files
Loaded model Rajagopal_no_arms-scaled_x0.6_kneeFiso_FemAntev19Deg from file D:\Dropbox\MATLAB\femoral_anteversion_paper\4_run_simulations\Dataset\GC5_FemAntev19Deg\GC5_FemAntev19Deg.osim
               MODEL: Rajagopal_no_arms-scaled_x0.6_kneeFiso_FemAntev19Deg
         coordinates: 25
              forces: 99
           actuators: 99
             muscles: 80
            analyses: 0
              probes: 0
              bodies: 15
              joints: 14
         constraints: 2
             markers: 47
         controllers: 0
  contact geometries: 0
misc modelcomponents: 0
Running tool IK_PS_ngait_og_ss11.
Loaded marker file D:\Dropbox\MATLAB\femoral_anteversion_paper\4_run_simulations\Dataset\GC5_FemAntev19Deg\trc\PS_ngait_og_ss11.trc (39 markers, 132 frames)
Frame 0 (t=0):	total squared error = 0.00150711, marker error: RMS=0.00733658, max=0.0143902 (Sternum)
Frame 1 (t=0.00833333):	total squared error = 0.0015462, marker error: RMS=0.0074311, max=0.0142201 (Sternum)
Frame 2 (t=0.0166667):	total squared error = 0.00157072, marker error: RMS=0.0074898, max=0.0138992 (Sternum)
Frame 3 (t=0.025):	total squared error = 0.00159416, marker error: RMS=0.00754547, max=0.0138053 (RThighSuperior)
Frame 4 (t=0.0333333):	total squared error = 0.00160086, marker error: RMS=0.00756132, max=0.0138719 (RHeel)
Frame 5 (t=0.0416667):	total squared error = 0.00162387, marker error: RMS=0.00761547, max=0.014037 (RHeel)
Frame 6 (t=0.05):	total squared error = 0.00169217, marker error: RMS=0.00777397, max=0.0139803 (RToe)
Frame 7 (t=0.0583333):	total squared error = 0.0017402, marker error: RMS=0.00788354, max=0.0149399 (RToe)
Frame 8 (t=0.0666667):	total squared error = 0.00177748, marker error: RMS=0.00796752, max=0.0159216 (RToe)
Frame 9 (t=0.075):	total squared error = 0.00179855, marker error: RMS=0.00801461, max=0.0170832 (RToe)
Frame 10 (t=0.0833333):	total squared error = 0.00184321, marker error: RMS=0.00811351, max=0.0183294 (RToe)
Frame 11 (t=0.0916667):	total squared error = 0.00190427, marker error: RMS=0.00824681, max=0.0196062 (RToe)
Frame 12 (t=0.1):	total squared error = 0.00193781, marker error: RMS=0.00831911, max=0.0203114 (RToe)
Frame 13 (t=0.108333):	total squared error = 0.00196957, marker error: RMS=0.00838699, max=0.0206138 (RToe)
Frame 14 (t=0.116667):	total squared error = 0.0019296, marker error: RMS=0.00830146, max=0.0199657 (RToe)
Frame 15 (t=0.125):	total squared error = 0.00181683, marker error: RMS=0.00805523, max=0.0181387 (RToe)
Frame 16 (t=0.133333):	total squared error = 0.00168615, marker error: RMS=0.00776013, max=0.015121 (Sternum)
Frame 17 (t=0.141667):	total squared error = 0.00162103, marker error: RMS=0.0076088, max=0.0151644 (Sternum)
Frame 18 (t=0.15):	total squared error = 0.00153879, marker error: RMS=0.00741328, max=0.015206 (Sternum)
Frame 19 (t=0.158333):	total squared error = 0.00157411, marker error: RMS=0.00749788, max=0.0152456 (Sternum)
Frame 20 (t=0.166667):	total squared error = 0.00161542, marker error: RMS=0.00759562, max=0.0156691 (Sternum)
Frame 21 (t=0.175):	total squared error = 0.00164957, marker error: RMS=0.0076755, max=0.0158375 (Sternum)
Frame 22 (t=0.183333):	total squared error = 0.00164077, marker error: RMS=0.00765498, max=0.0158767 (Sternum)
Frame 23 (t=0.191667):	total squared error = 0.00165693, marker error: RMS=0.00769259, max=0.0159636 (Sternum)
Frame 24 (t=0.2):	total squared error = 0.00171972, marker error: RMS=0.00783701, max=0.0161236 (Sternum)
Frame 25 (t=0.208333):	total squared error = 0.00177815, marker error: RMS=0.00796903, max=0.0163737 (Sternum)
Frame 26 (t=0.216667):	total squared error = 0.00185482, marker error: RMS=0.00813902, max=0.0166539 (Sternum)
Frame 27 (t=0.225):	total squared error = 0.00177262, marker error: RMS=0.00795663, max=0.0168793 (Sternum)
Frame 28 (t=0.233333):	total squared error = 0.00180339, marker error: RMS=0.00802538, max=0.0171821 (Sternum)
Frame 29 (t=0.241667):	total squared error = 0.00180817, marker error: RMS=0.00803602, max=0.0171948 (Sternum)
Frame 30 (t=0.25):	total squared error = 0.00178321, marker error: RMS=0.00798035, max=0.0171567 (Sternum)
Frame 31 (t=0.258333):	total squared error = 0.00183742, marker error: RMS=0.00810075, max=0.0172675 (Sternum)
Frame 32 (t=0.266667):	total squared error = 0.00188511, marker error: RMS=0.0082052, max=0.0174199 (Sternum)
Frame 33 (t=0.275):	total squared error = 0.00189188, marker error: RMS=0.00821992, max=0.0175718 (Sternum)
Frame 34 (t=0.283333):	total squared error = 0.00195514, marker error: RMS=0.00835621, max=0.0177109 (Sternum)
Frame 35 (t=0.291667):	total squared error = 0.00205983, marker error: RMS=0.00857702, max=0.0179543 (Sternum)
Frame 36 (t=0.3):	total squared error = 0.00205959, marker error: RMS=0.00857653, max=0.0180089 (Sternum)
Frame 37 (t=0.308333):	total squared error = 0.00214043, marker error: RMS=0.00874323, max=0.018113 (Sternum)
Frame 38 (t=0.316667):	total squared error = 0.00220286, marker error: RMS=0.00886981, max=0.0180393 (Sternum)
Frame 39 (t=0.325):	total squared error = 0.00231131, marker error: RMS=0.00908553, max=0.0178932 (Sternum)
Frame 40 (t=0.333333):	total squared error = 0.00240781, marker error: RMS=0.00927325, max=0.0177836 (Sternum)
Frame 41 (t=0.341667):	total squared error = 0.00248347, marker error: RMS=0.00941782, max=0.0177865 (Sternum)
Frame 42 (t=0.35):	total squared error = 0.00259131, marker error: RMS=0.00962013, max=0.0187215 (LThighSuperior)
Frame 43 (t=0.358333):	total squared error = 0.00263125, marker error: RMS=0.00969397, max=0.0195129 (LThighSuperior)
Frame 44 (t=0.366667):	total squared error = 0.00269899, marker error: RMS=0.00981797, max=0.0200808 (LThighSuperior)
Frame 45 (t=0.375):	total squared error = 0.00279141, marker error: RMS=0.00998466, max=0.0208094 (LThighSuperior)
Frame 46 (t=0.383333):	total squared error = 0.00284884, marker error: RMS=0.0100868, max=0.0213383 (LThighSuperior)
Frame 47 (t=0.391667):	total squared error = 0.00292211, marker error: RMS=0.0102157, max=0.0217995 (LThighSuperior)
Frame 48 (t=0.4):	total squared error = 0.00296177, marker error: RMS=0.0102848, max=0.0222449 (LThighSuperior)
Frame 49 (t=0.408333):	total squared error = 0.00296723, marker error: RMS=0.0102943, max=0.0225028 (LThighSuperior)
Frame 50 (t=0.416667):	total squared error = 0.00293834, marker error: RMS=0.0102441, max=0.0228694 (LThighSuperior)
Frame 51 (t=0.425):	total squared error = 0.00288752, marker error: RMS=0.0101551, max=0.0231683 (LThighSuperior)
Frame 52 (t=0.433333):	total squared error = 0.00280403, marker error: RMS=0.0100072, max=0.0233011 (LThighSuperior)
Frame 53 (t=0.441667):	total squared error = 0.0027056, marker error: RMS=0.00982998, max=0.0234414 (LThighSuperior)
Frame 54 (t=0.45):	total squared error = 0.00264666, marker error: RMS=0.00972233, max=0.02357 (LThighSuperior)
Frame 55 (t=0.458333):	total squared error = 0.00257451, marker error: RMS=0.00958889, max=0.0235396 (LThighSuperior)
Frame 56 (t=0.466667):	total squared error = 0.00254195, marker error: RMS=0.00952806, max=0.0235441 (LThighSuperior)
Frame 57 (t=0.475):	total squared error = 0.00253306, marker error: RMS=0.00951138, max=0.023702 (LThighSuperior)
Frame 58 (t=0.483333):	total squared error = 0.00254717, marker error: RMS=0.00953785, max=0.0238858 (LThighSuperior)
Frame 59 (t=0.491667):	total squared error = 0.00257153, marker error: RMS=0.00958334, max=0.0240152 (LThighSuperior)
Frame 60 (t=0.5):	total squared error = 0.00261504, marker error: RMS=0.00966407, max=0.0241497 (LThighSuperior)
Frame 61 (t=0.508333):	total squared error = 0.00260974, marker error: RMS=0.00965428, max=0.0242384 (LThighSuperior)
Frame 62 (t=0.516667):	total squared error = 0.00257841, marker error: RMS=0.00959614, max=0.0240041 (LThighSuperior)
Frame 63 (t=0.525):	total squared error = 0.00248529, marker error: RMS=0.00942127, max=0.0237876 (LThighSuperior)
Frame 64 (t=0.533333):	total squared error = 0.00250257, marker error: RMS=0.00945397, max=0.0237776 (LThighSuperior)
Frame 65 (t=0.541667):	total squared error = 0.00260944, marker error: RMS=0.00965371, max=0.0246184 (LThighSuperior)
Frame 66 (t=0.55):	total squared error = 0.00259379, marker error: RMS=0.00962472, max=0.0246419 (LThighSuperior)
Frame 67 (t=0.558333):	total squared error = 0.00256857, marker error: RMS=0.00957783, max=0.0243828 (LThighSuperior)
Frame 68 (t=0.566667):	total squared error = 0.00256049, marker error: RMS=0.00956274, max=0.0240636 (LThighSuperior)
Frame 69 (t=0.575):	total squared error = 0.00252321, marker error: RMS=0.00949287, max=0.0237097 (LThighSuperior)
Frame 70 (t=0.583333):	total squared error = 0.00247924, marker error: RMS=0.00940979, max=0.0232227 (LThighSuperior)
Frame 71 (t=0.591667):	total squared error = 0.00240855, marker error: RMS=0.00927468, max=0.0225133 (LThighSuperior)
Frame 72 (t=0.6):	total squared error = 0.00235686, marker error: RMS=0.00917461, max=0.0214974 (LThighSuperior)
Frame 73 (t=0.608333):	total squared error = 0.00227502, marker error: RMS=0.00901392, max=0.0198544 (LThighSuperior)
Frame 74 (t=0.616667):	total squared error = 0.00226379, marker error: RMS=0.00899164, max=0.0184669 (LThighSuperior)
Frame 75 (t=0.625):	total squared error = 0.00221561, marker error: RMS=0.00889545, max=0.0165901 (LThighSuperior)
Frame 76 (t=0.633333):	total squared error = 0.00209665, marker error: RMS=0.00865334, max=0.0164231 (LToe)
Frame 77 (t=0.641667):	total squared error = 0.00204622, marker error: RMS=0.00854864, max=0.0175748 (LToe)
Frame 78 (t=0.65):	total squared error = 0.00212129, marker error: RMS=0.00870404, max=0.0182085 (LToe)
Frame 79 (t=0.658333):	total squared error = 0.00219067, marker error: RMS=0.00884524, max=0.0183497 (LToe)
Frame 80 (t=0.666667):	total squared error = 0.00218746, marker error: RMS=0.00883875, max=0.0174384 (LToe)
Frame 81 (t=0.675):	total squared error = 0.00221012, marker error: RMS=0.00888441, max=0.0174574 (Sternum)
Frame 82 (t=0.683333):	total squared error = 0.0021347, marker error: RMS=0.00873152, max=0.0180511 (Sternum)
Frame 83 (t=0.691667):	total squared error = 0.00200848, marker error: RMS=0.00846944, max=0.0183713 (Sternum)
Frame 84 (t=0.7):	total squared error = 0.00194902, marker error: RMS=0.00834313, max=0.0186099 (Sternum)
Frame 85 (t=0.708333):	total squared error = 0.00201066, marker error: RMS=0.00847403, max=0.0186765 (Sternum)
Frame 86 (t=0.716667):	total squared error = 0.00219346, marker error: RMS=0.00885087, max=0.0187687 (Sternum)
Frame 87 (t=0.725):	total squared error = 0.00235837, marker error: RMS=0.00917755, max=0.018665 (Sternum)
Frame 88 (t=0.733333):	total squared error = 0.00254588, marker error: RMS=0.00953543, max=0.0204663 (LToe)
Frame 89 (t=0.741667):	total squared error = 0.00277717, marker error: RMS=0.00995914, max=0.0228446 (LToe)
Frame 90 (t=0.75):	total squared error = 0.00301131, marker error: RMS=0.0103705, max=0.0252931 (LToe)
Frame 91 (t=0.758333):	total squared error = 0.00323089, marker error: RMS=0.0107419, max=0.0265466 (LToe)
Frame 92 (t=0.766667):	total squared error = 0.00337502, marker error: RMS=0.0109789, max=0.0273913 (LToe)
Frame 93 (t=0.775):	total squared error = 0.00348794, marker error: RMS=0.0111611, max=0.0279212 (LToe)
Frame 94 (t=0.783333):	total squared error = 0.00346993, marker error: RMS=0.0111322, max=0.0276214 (LToe)
Frame 95 (t=0.791667):	total squared error = 0.00333601, marker error: RMS=0.0109153, max=0.0272157 (LToe)
Frame 96 (t=0.8):	total squared error = 0.00321214, marker error: RMS=0.0107107, max=0.0268191 (LToe)
Frame 97 (t=0.808333):	total squared error = 0.00311153, marker error: RMS=0.0105416, max=0.0262927 (LToe)
Frame 98 (t=0.816667):	total squared error = 0.00298435, marker error: RMS=0.010324, max=0.0251183 (LToe)
Frame 99 (t=0.825):	total squared error = 0.00289311, marker error: RMS=0.0101649, max=0.0241264 (LToe)
Frame 100 (t=0.833333):	total squared error = 0.00283713, marker error: RMS=0.0100661, max=0.023311 (LToe)
Frame 101 (t=0.841667):	total squared error = 0.00272756, marker error: RMS=0.00986979, max=0.0223895 (LToe)
Frame 102 (t=0.85):	total squared error = 0.00259354, marker error: RMS=0.00962426, max=0.021233 (LToe)
Frame 103 (t=0.858333):	total squared error = 0.00238875, marker error: RMS=0.00923648, max=0.0190411 (LToe)
Frame 104 (t=0.866667):	total squared error = 0.00224638, marker error: RMS=0.00895701, max=0.0174282 (Sternum)
Frame 105 (t=0.875):	total squared error = 0.00210224, marker error: RMS=0.00866487, max=0.0173568 (Sternum)
Frame 106 (t=0.883333):	total squared error = 0.00197618, marker error: RMS=0.00840106, max=0.0174081 (Sternum)
Frame 107 (t=0.891667):	total squared error = 0.00187972, marker error: RMS=0.00819346, max=0.0172792 (Sternum)
Frame 108 (t=0.9):	total squared error = 0.00187014, marker error: RMS=0.00817255, max=0.0171015 (Sternum)
Frame 109 (t=0.908333):	total squared error = 0.00188825, marker error: RMS=0.00821204, max=0.0169866 (Sternum)
Frame 110 (t=0.916667):	total squared error = 0.00197132, marker error: RMS=0.00839072, max=0.016758 (RThighLateral)
Frame 111 (t=0.925):	total squared error = 0.00207618, marker error: RMS=0.008611, max=0.0208413 (RThighLateral)
Frame 112 (t=0.933333):	total squared error = 0.00224259, marker error: RMS=0.00894943, max=0.0249548 (RThighLateral)
Frame 113 (t=0.941667):	total squared error = 0.00156157, marker error: RMS=0.00746795, max=0.0164423 (Sternum)
Frame 114 (t=0.95):	total squared error = 0.00152563, marker error: RMS=0.00738152, max=0.0162991 (Sternum)
Frame 115 (t=0.958333):	total squared error = 0.00145742, marker error: RMS=0.00721461, max=0.016239 (Sternum)
Frame 116 (t=0.966667):	total squared error = 0.00140677, marker error: RMS=0.00708815, max=0.0160556 (Sternum)
Frame 117 (t=0.975):	total squared error = 0.00135961, marker error: RMS=0.00696831, max=0.0159161 (Sternum)
Frame 118 (t=0.983333):	total squared error = 0.00132127, marker error: RMS=0.00686938, max=0.0157111 (Sternum)
Frame 119 (t=0.991667):	total squared error = 0.00127157, marker error: RMS=0.00673892, max=0.0155753 (Sternum)
Frame 120 (t=1):	total squared error = 0.00120893, marker error: RMS=0.00657084, max=0.0155549 (Sternum)
Frame 121 (t=1.00833):	total squared error = 0.00115898, marker error: RMS=0.00643367, max=0.0154538 (Sternum)
Frame 122 (t=1.01667):	total squared error = 0.00111683, marker error: RMS=0.00631559, max=0.0152846 (Sternum)
Frame 123 (t=1.025):	total squared error = 0.0011079, marker error: RMS=0.00629029, max=0.0151953 (Sternum)
Frame 124 (t=1.03333):	total squared error = 0.00110581, marker error: RMS=0.00628437, max=0.015 (Sternum)
Frame 125 (t=1.04167):	total squared error = 0.00115812, marker error: RMS=0.00643127, max=0.0148732 (Sternum)
Frame 126 (t=1.05):	total squared error = 0.00121648, marker error: RMS=0.00659133, max=0.0146578 (Sternum)
Frame 127 (t=1.05833):	total squared error = 0.00127973, marker error: RMS=0.00676052, max=0.014534 (Sternum)
Frame 128 (t=1.06667):	total squared error = 0.00130339, marker error: RMS=0.00682273, max=0.0144705 (Sternum)
Frame 129 (t=1.075):	total squared error = 0.00131527, marker error: RMS=0.00685375, max=0.0143589 (Sternum)
Frame 130 (t=1.08333):	total squared error = 0.00135182, marker error: RMS=0.00694834, max=0.0142335 (Sternum)
Frame 131 (t=1.09167):	total squared error = 0.00136425, marker error: RMS=0.00698019, max=0.0141469 (Sternum)
InverseKinematicsTool completed 131 frames in 9.176s

IK compute time = 9472ms

