Constructing tool from setup file IK_Setup_PS_ngait_og_ss9.xml.

reading object from file [D:\Dropbox\MATLAB\femoral_anteversion_paper\4_run_simulations\Dataset\GC5_FemAntev5Deg\GC5_FemAntev5Deg_IK_Tasks.xml] cwd =D:\Dropbox\MATLAB\femoral_anteversion_paper\4_run_simulations\Dataset\GC5_FemAntev5Deg\IK\IK setup files
Loaded model Rajagopal_no_arms-scaled_x0.6_kneeFiso_FemAntev5Deg from file D:\Dropbox\MATLAB\femoral_anteversion_paper\4_run_simulations\Dataset\GC5_FemAntev5Deg\GC5_FemAntev5Deg.osim
               MODEL: Rajagopal_no_arms-scaled_x0.6_kneeFiso_FemAntev5Deg
         coordinates: 25
              forces: 99
           actuators: 99
             muscles: 80
            analyses: 0
              probes: 0
              bodies: 15
              joints: 14
         constraints: 2
             markers: 47
         controllers: 0
  contact geometries: 0
misc modelcomponents: 0
Running tool IK_PS_ngait_og_ss9.
Loaded marker file D:\Dropbox\MATLAB\femoral_anteversion_paper\4_run_simulations\Dataset\GC5_FemAntev5Deg\trc\PS_ngait_og_ss9.trc (39 markers, 130 frames)
Frame 0 (t=0):	total squared error = 0.00147583, marker error: RMS=0.00726005, max=0.0142695 (RThighSuperior)
Frame 1 (t=0.00833333):	total squared error = 0.00152498, marker error: RMS=0.00737994, max=0.0146297 (RThighSuperior)
Frame 2 (t=0.0166667):	total squared error = 0.00155512, marker error: RMS=0.00745252, max=0.0147983 (RThighSuperior)
Frame 3 (t=0.025):	total squared error = 0.0016028, marker error: RMS=0.00756589, max=0.0148705 (RThighSuperior)
Frame 4 (t=0.0333333):	total squared error = 0.0016216, marker error: RMS=0.00761014, max=0.0148339 (RThighSuperior)
Frame 5 (t=0.0416667):	total squared error = 0.00163363, marker error: RMS=0.00763832, max=0.0151364 (RToe)
Frame 6 (t=0.05):	total squared error = 0.00164652, marker error: RMS=0.0076684, max=0.0161494 (RToe)
Frame 7 (t=0.0583333):	total squared error = 0.00164123, marker error: RMS=0.00765607, max=0.0171084 (RToe)
Frame 8 (t=0.0666667):	total squared error = 0.00161278, marker error: RMS=0.00758943, max=0.0180398 (RToe)
Frame 9 (t=0.075):	total squared error = 0.00160837, marker error: RMS=0.00757903, max=0.0197862 (RToe)
Frame 10 (t=0.0833333):	total squared error = 0.00160652, marker error: RMS=0.00757467, max=0.0210123 (RToe)
Frame 11 (t=0.0916667):	total squared error = 0.00159464, marker error: RMS=0.00754662, max=0.0219954 (RToe)
Frame 12 (t=0.1):	total squared error = 0.00155136, marker error: RMS=0.00744351, max=0.022526 (RToe)
Frame 13 (t=0.108333):	total squared error = 0.00150702, marker error: RMS=0.00733635, max=0.0224052 (RToe)
Frame 14 (t=0.116667):	total squared error = 0.00143319, marker error: RMS=0.00715439, max=0.0212536 (RToe)
Frame 15 (t=0.125):	total squared error = 0.00130869, marker error: RMS=0.00683659, max=0.0189125 (RToe)
Frame 16 (t=0.133333):	total squared error = 0.00121243, marker error: RMS=0.00658036, max=0.0154905 (RToe)
Frame 17 (t=0.141667):	total squared error = 0.00116469, marker error: RMS=0.0064495, max=0.015561 (Sternum)
Frame 18 (t=0.15):	total squared error = 0.0010987, marker error: RMS=0.00626412, max=0.015519 (Sternum)
Frame 19 (t=0.158333):	total squared error = 0.00115648, marker error: RMS=0.00642674, max=0.0154781 (Sternum)
Frame 20 (t=0.166667):	total squared error = 0.00125916, marker error: RMS=0.00670598, max=0.015583 (Sternum)
Frame 21 (t=0.175):	total squared error = 0.00133616, marker error: RMS=0.00690798, max=0.0154148 (Sternum)
Frame 22 (t=0.183333):	total squared error = 0.00143584, marker error: RMS=0.007161, max=0.0153074 (Sternum)
Frame 23 (t=0.191667):	total squared error = 0.00155058, marker error: RMS=0.00744162, max=0.0154103 (Sternum)
Frame 24 (t=0.2):	total squared error = 0.00168153, marker error: RMS=0.0077495, max=0.016164 (RShankSuperior)
Frame 25 (t=0.208333):	total squared error = 0.00179003, marker error: RMS=0.00799559, max=0.0169856 (RShankSuperior)
Frame 26 (t=0.216667):	total squared error = 0.00188003, marker error: RMS=0.00819415, max=0.0174102 (RShankSuperior)
Frame 27 (t=0.225):	total squared error = 0.00195504, marker error: RMS=0.008356, max=0.0174457 (RShankSuperior)
Frame 28 (t=0.233333):	total squared error = 0.00197667, marker error: RMS=0.0084021, max=0.0173257 (RShankSuperior)
Frame 29 (t=0.241667):	total squared error = 0.00202825, marker error: RMS=0.00851103, max=0.0168812 (RShankSuperior)
Frame 30 (t=0.25):	total squared error = 0.00209668, marker error: RMS=0.00865341, max=0.0164282 (RShankSuperior)
Frame 31 (t=0.258333):	total squared error = 0.00206953, marker error: RMS=0.00859719, max=0.0162474 (Sternum)
Frame 32 (t=0.266667):	total squared error = 0.00204915, marker error: RMS=0.00855477, max=0.0162987 (Sternum)
Frame 33 (t=0.275):	total squared error = 0.00197098, marker error: RMS=0.00839001, max=0.016201 (Sternum)
Frame 34 (t=0.283333):	total squared error = 0.00199747, marker error: RMS=0.00844619, max=0.0162726 (Sternum)
Frame 35 (t=0.291667):	total squared error = 0.00201298, marker error: RMS=0.00847892, max=0.0164259 (Sternum)
Frame 36 (t=0.3):	total squared error = 0.00203545, marker error: RMS=0.00852613, max=0.0166552 (Sternum)
Frame 37 (t=0.308333):	total squared error = 0.00206791, marker error: RMS=0.00859383, max=0.0164904 (Sternum)
Frame 38 (t=0.316667):	total squared error = 0.0020598, marker error: RMS=0.00857697, max=0.0164634 (Sternum)
Frame 39 (t=0.325):	total squared error = 0.00208319, marker error: RMS=0.00862552, max=0.0163767 (Sternum)
Frame 40 (t=0.333333):	total squared error = 0.00212664, marker error: RMS=0.00871501, max=0.0163061 (Sternum)
Frame 41 (t=0.341667):	total squared error = 0.00218831, marker error: RMS=0.00884047, max=0.016217 (Sternum)
Frame 42 (t=0.35):	total squared error = 0.00221708, marker error: RMS=0.00889839, max=0.0161085 (Sternum)
Frame 43 (t=0.358333):	total squared error = 0.00225501, marker error: RMS=0.00897419, max=0.0160055 (Sternum)
Frame 44 (t=0.366667):	total squared error = 0.0022844, marker error: RMS=0.00903247, max=0.0159072 (Sternum)
Frame 45 (t=0.375):	total squared error = 0.00231743, marker error: RMS=0.00909754, max=0.0158215 (Sternum)
Frame 46 (t=0.383333):	total squared error = 0.00233187, marker error: RMS=0.00912585, max=0.0159442 (LThighSuperior)
Frame 47 (t=0.391667):	total squared error = 0.00234899, marker error: RMS=0.00915929, max=0.0162494 (LThighSuperior)
Frame 48 (t=0.4):	total squared error = 0.00235242, marker error: RMS=0.00916597, max=0.0165299 (LThighSuperior)
Frame 49 (t=0.408333):	total squared error = 0.00237938, marker error: RMS=0.00921834, max=0.0167692 (LThighSuperior)
Frame 50 (t=0.416667):	total squared error = 0.00237488, marker error: RMS=0.00920962, max=0.0170206 (LThighSuperior)
Frame 51 (t=0.425):	total squared error = 0.0023332, marker error: RMS=0.00912844, max=0.0169475 (LThighSuperior)
Frame 52 (t=0.433333):	total squared error = 0.00228573, marker error: RMS=0.00903511, max=0.0171302 (LThighSuperior)
Frame 53 (t=0.441667):	total squared error = 0.00224801, marker error: RMS=0.00896025, max=0.0171955 (LThighSuperior)
Frame 54 (t=0.45):	total squared error = 0.00219667, marker error: RMS=0.00885734, max=0.0173128 (LThighSuperior)
Frame 55 (t=0.458333):	total squared error = 0.00214969, marker error: RMS=0.00876212, max=0.0175563 (LThighSuperior)
Frame 56 (t=0.466667):	total squared error = 0.00211704, marker error: RMS=0.00869531, max=0.0179291 (LThighSuperior)
Frame 57 (t=0.475):	total squared error = 0.00212759, marker error: RMS=0.00871695, max=0.0181358 (LThighSuperior)
Frame 58 (t=0.483333):	total squared error = 0.00212576, marker error: RMS=0.00871321, max=0.01847 (LThighSuperior)
Frame 59 (t=0.491667):	total squared error = 0.00215406, marker error: RMS=0.00877102, max=0.0189315 (LThighSuperior)
Frame 60 (t=0.5):	total squared error = 0.0021814, marker error: RMS=0.0088265, max=0.0193263 (LThighSuperior)
Frame 61 (t=0.508333):	total squared error = 0.00220977, marker error: RMS=0.00888371, max=0.0195817 (LThighSuperior)
Frame 62 (t=0.516667):	total squared error = 0.00226112, marker error: RMS=0.00898634, max=0.0197204 (LThighSuperior)
Frame 63 (t=0.525):	total squared error = 0.0022704, marker error: RMS=0.00900477, max=0.0197932 (LThighSuperior)
Frame 64 (t=0.533333):	total squared error = 0.00229627, marker error: RMS=0.00905591, max=0.0199502 (LThighSuperior)
Frame 65 (t=0.541667):	total squared error = 0.00234091, marker error: RMS=0.00914353, max=0.0200732 (LThighSuperior)
Frame 66 (t=0.55):	total squared error = 0.00239583, marker error: RMS=0.00925015, max=0.0200317 (LThighSuperior)
Frame 67 (t=0.558333):	total squared error = 0.00255826, marker error: RMS=0.00955858, max=0.0200259 (LThighSuperior)
Frame 68 (t=0.566667):	total squared error = 0.00268384, marker error: RMS=0.00979037, max=0.0198443 (LThighSuperior)
Frame 69 (t=0.575):	total squared error = 0.00272113, marker error: RMS=0.00985816, max=0.0197816 (LHeel)
Frame 70 (t=0.583333):	total squared error = 0.00291648, marker error: RMS=0.0102059, max=0.0197198 (LHeel)
Frame 71 (t=0.591667):	total squared error = 0.00248699, marker error: RMS=0.00942449, max=0.019234 (LHeel)
Frame 72 (t=0.6):	total squared error = 0.00239551, marker error: RMS=0.00924955, max=0.0183562 (LHeel)
Frame 73 (t=0.608333):	total squared error = 0.00233123, marker error: RMS=0.00912459, max=0.0174576 (LThighSuperior)
Frame 74 (t=0.616667):	total squared error = 0.00223583, marker error: RMS=0.00893593, max=0.0168299 (LThighSuperior)
Frame 75 (t=0.625):	total squared error = 0.00215881, marker error: RMS=0.00878069, max=0.0166042 (LThighSuperior)
Frame 76 (t=0.633333):	total squared error = 0.00214312, marker error: RMS=0.00874872, max=0.0162564 (LThighSuperior)
Frame 77 (t=0.641667):	total squared error = 0.00220551, marker error: RMS=0.00887515, max=0.0164882 (Sternum)
Frame 78 (t=0.65):	total squared error = 0.00228574, marker error: RMS=0.00903512, max=0.0169157 (Sternum)
Frame 79 (t=0.658333):	total squared error = 0.00237701, marker error: RMS=0.00921375, max=0.017324 (Sternum)
Frame 80 (t=0.666667):	total squared error = 0.00250133, marker error: RMS=0.00945163, max=0.0177113 (Sternum)
Frame 81 (t=0.675):	total squared error = 0.00267862, marker error: RMS=0.00978084, max=0.017931 (Sternum)
Frame 82 (t=0.683333):	total squared error = 0.00292461, marker error: RMS=0.0102201, max=0.0197421 (LToe)
Frame 83 (t=0.691667):	total squared error = 0.00322058, marker error: RMS=0.0107248, max=0.0218309 (LToe)
Frame 84 (t=0.7):	total squared error = 0.0036037, marker error: RMS=0.0113448, max=0.0240843 (LToe)
Frame 85 (t=0.708333):	total squared error = 0.00379388, marker error: RMS=0.0116403, max=0.0252568 (LToe)
Frame 86 (t=0.716667):	total squared error = 0.00378747, marker error: RMS=0.0116304, max=0.0257966 (LToe)
Frame 87 (t=0.725):	total squared error = 0.0037724, marker error: RMS=0.0116073, max=0.0264197 (LToe)
Frame 88 (t=0.733333):	total squared error = 0.00373139, marker error: RMS=0.011544, max=0.0263351 (LToe)
Frame 89 (t=0.741667):	total squared error = 0.00375505, marker error: RMS=0.0115805, max=0.0267565 (LToe)
Frame 90 (t=0.75):	total squared error = 0.00364472, marker error: RMS=0.0114091, max=0.0260633 (LToe)
Frame 91 (t=0.758333):	total squared error = 0.00355044, marker error: RMS=0.0112606, max=0.0255982 (LToe)
Frame 92 (t=0.766667):	total squared error = 0.00343248, marker error: RMS=0.011072, max=0.0250102 (LToe)
Frame 93 (t=0.775):	total squared error = 0.00332366, marker error: RMS=0.0108951, max=0.0238306 (LToe)
Frame 94 (t=0.783333):	total squared error = 0.00324904, marker error: RMS=0.010772, max=0.0231024 (LToe)
Frame 95 (t=0.791667):	total squared error = 0.00316191, marker error: RMS=0.0106266, max=0.0222126 (LToe)
Frame 96 (t=0.8):	total squared error = 0.00309189, marker error: RMS=0.0105083, max=0.0214412 (LToe)
Frame 97 (t=0.808333):	total squared error = 0.00297087, marker error: RMS=0.0103006, max=0.0201879 (LShankSuperior)
Frame 98 (t=0.816667):	total squared error = 0.00286766, marker error: RMS=0.0101201, max=0.0204053 (LShankSuperior)
Frame 99 (t=0.825):	total squared error = 0.00278741, marker error: RMS=0.00997749, max=0.0204121 (LShankSuperior)
Frame 100 (t=0.833333):	total squared error = 0.00261057, marker error: RMS=0.00965581, max=0.0203138 (LShankSuperior)
Frame 101 (t=0.841667):	total squared error = 0.00254182, marker error: RMS=0.00952781, max=0.0201178 (LShankSuperior)
Frame 102 (t=0.85):	total squared error = 0.00247887, marker error: RMS=0.00940909, max=0.0196449 (LShankSuperior)
Frame 103 (t=0.858333):	total squared error = 0.00237867, marker error: RMS=0.00921696, max=0.0188646 (LShankSuperior)
Frame 104 (t=0.866667):	total squared error = 0.0022669, marker error: RMS=0.00899782, max=0.0179373 (LShankSuperior)
Frame 105 (t=0.875):	total squared error = 0.00216158, marker error: RMS=0.00878631, max=0.017913 (Sternum)
Frame 106 (t=0.883333):	total squared error = 0.00204971, marker error: RMS=0.00855594, max=0.0177487 (Sternum)
Frame 107 (t=0.891667):	total squared error = 0.00195061, marker error: RMS=0.00834653, max=0.0177283 (Sternum)
Frame 108 (t=0.9):	total squared error = 0.00183244, marker error: RMS=0.00808976, max=0.0175582 (Sternum)
Frame 109 (t=0.908333):	total squared error = 0.00165294, marker error: RMS=0.00768334, max=0.0159192 (Sternum)
Frame 110 (t=0.916667):	total squared error = 0.00155712, marker error: RMS=0.00745731, max=0.0158928 (Sternum)
Frame 111 (t=0.925):	total squared error = 0.00146737, marker error: RMS=0.0072392, max=0.0161533 (Sternum)
Frame 112 (t=0.933333):	total squared error = 0.00138791, marker error: RMS=0.00704046, max=0.0164513 (Sternum)
Frame 113 (t=0.941667):	total squared error = 0.00134031, marker error: RMS=0.00691867, max=0.016673 (Sternum)
Frame 114 (t=0.95):	total squared error = 0.00126607, marker error: RMS=0.00672434, max=0.0167823 (Sternum)
Frame 115 (t=0.958333):	total squared error = 0.00117609, marker error: RMS=0.00648098, max=0.0166342 (Sternum)
Frame 116 (t=0.966667):	total squared error = 0.00110312, marker error: RMS=0.00627672, max=0.0164497 (Sternum)
Frame 117 (t=0.975):	total squared error = 0.00101254, marker error: RMS=0.00601349, max=0.0162241 (Sternum)
Frame 118 (t=0.983333):	total squared error = 0.000956622, marker error: RMS=0.00584509, max=0.016068 (Sternum)
Frame 119 (t=0.991667):	total squared error = 0.00091471, marker error: RMS=0.00571561, max=0.0159977 (Sternum)
Frame 120 (t=1):	total squared error = 0.000926217, marker error: RMS=0.00575145, max=0.0160322 (Sternum)
Frame 121 (t=1.00833):	total squared error = 0.000983634, marker error: RMS=0.00592704, max=0.0160505 (Sternum)
Frame 122 (t=1.01667):	total squared error = 0.00109316, marker error: RMS=0.00624831, max=0.0159887 (Sternum)
Frame 123 (t=1.025):	total squared error = 0.00123138, marker error: RMS=0.00663158, max=0.0159407 (Sternum)
Frame 124 (t=1.03333):	total squared error = 0.00137594, marker error: RMS=0.00701004, max=0.0159373 (Sternum)
Frame 125 (t=1.04167):	total squared error = 0.00140265, marker error: RMS=0.00707775, max=0.0158053 (Sternum)
Frame 126 (t=1.05):	total squared error = 0.00142191, marker error: RMS=0.0071262, max=0.0156326 (Sternum)
Frame 127 (t=1.05833):	total squared error = 0.00135103, marker error: RMS=0.00694629, max=0.0155687 (Sternum)
Frame 128 (t=1.06667):	total squared error = 0.00123126, marker error: RMS=0.00663126, max=0.0153341 (Sternum)
Frame 129 (t=1.075):	total squared error = 0.00113652, marker error: RMS=0.00637104, max=0.0151775 (Sternum)
InverseKinematicsTool completed 129 frames in 6.762s

IK compute time = 7018ms

