Constructing tool from setup file IK_Setup_PS_ngait_og_ss1.xml.

reading object from file [D:\Dropbox\MATLAB\femoral_anteversion_paper\4_run_simulations\Dataset\GC5_FemAntev19Deg\GC5_FemAntev19Deg_IK_Tasks.xml] cwd =D:\Dropbox\MATLAB\femoral_anteversion_paper\4_run_simulations\Dataset\GC5_FemAntev19Deg\IK\IK setup files
Loaded model Rajagopal_no_arms-scaled_x0.6_kneeFiso_FemAntev19Deg from file D:\Dropbox\MATLAB\femoral_anteversion_paper\4_run_simulations\Dataset\GC5_FemAntev19Deg\GC5_FemAntev19Deg.osim
               MODEL: Rajagopal_no_arms-scaled_x0.6_kneeFiso_FemAntev19Deg
         coordinates: 25
              forces: 99
           actuators: 99
             muscles: 80
            analyses: 0
              probes: 0
              bodies: 15
              joints: 14
         constraints: 2
             markers: 47
         controllers: 0
  contact geometries: 0
misc modelcomponents: 0
Running tool IK_PS_ngait_og_ss1.
Loaded marker file D:\Dropbox\MATLAB\femoral_anteversion_paper\4_run_simulations\Dataset\GC5_FemAntev19Deg\trc\PS_ngait_og_ss1.trc (36 markers, 132 frames)
Frame 0 (t=0):	total squared error = 0.00136593, marker error: RMS=0.00698449, max=0.0159858 (Sternum)
Frame 1 (t=0.00833333):	total squared error = 0.00138581, marker error: RMS=0.00703515, max=0.0156083 (Sternum)
Frame 2 (t=0.0166667):	total squared error = 0.00138589, marker error: RMS=0.00703533, max=0.0152472 (Sternum)
Frame 3 (t=0.025):	total squared error = 0.00135157, marker error: RMS=0.00694769, max=0.0149089 (Sternum)
Frame 4 (t=0.0333333):	total squared error = 0.00134779, marker error: RMS=0.00693796, max=0.014656 (Sternum)
Frame 5 (t=0.0416667):	total squared error = 0.00135313, marker error: RMS=0.00695169, max=0.0145189 (Sternum)
Frame 6 (t=0.05):	total squared error = 0.00135992, marker error: RMS=0.00696911, max=0.0145274 (Sternum)
Frame 7 (t=0.0583333):	total squared error = 0.00137505, marker error: RMS=0.00700776, max=0.0146658 (Sternum)
Frame 8 (t=0.0666667):	total squared error = 0.00138512, marker error: RMS=0.00703338, max=0.0146379 (Sternum)
Frame 9 (t=0.075):	total squared error = 0.00135765, marker error: RMS=0.0069633, max=0.0147228 (Sternum)
Frame 10 (t=0.0833333):	total squared error = 0.00137688, marker error: RMS=0.00701245, max=0.0149056 (Sternum)
Frame 11 (t=0.0916667):	total squared error = 0.00139915, marker error: RMS=0.00706891, max=0.0151041 (Sternum)
Frame 12 (t=0.1):	total squared error = 0.00144187, marker error: RMS=0.00717603, max=0.0155305 (Sternum)
Frame 13 (t=0.108333):	total squared error = 0.00148292, marker error: RMS=0.00727746, max=0.0157741 (Sternum)
Frame 14 (t=0.116667):	total squared error = 0.00152366, marker error: RMS=0.00737674, max=0.0160548 (Sternum)
Frame 15 (t=0.125):	total squared error = 0.00159136, marker error: RMS=0.00753886, max=0.0161268 (Sternum)
Frame 16 (t=0.133333):	total squared error = 0.00159064, marker error: RMS=0.00753715, max=0.0159401 (Sternum)
Frame 17 (t=0.141667):	total squared error = 0.00167834, marker error: RMS=0.00774214, max=0.0158231 (Sternum)
Frame 18 (t=0.15):	total squared error = 0.00175747, marker error: RMS=0.00792255, max=0.0157238 (Sternum)
Frame 19 (t=0.158333):	total squared error = 0.00185914, marker error: RMS=0.0081485, max=0.0156604 (Sternum)
Frame 20 (t=0.166667):	total squared error = 0.0019868, marker error: RMS=0.0084236, max=0.0165202 (RToe)
Frame 21 (t=0.175):	total squared error = 0.00203931, marker error: RMS=0.0085342, max=0.0173043 (RToe)
Frame 22 (t=0.183333):	total squared error = 0.00210852, marker error: RMS=0.0086778, max=0.017319 (RToe)
Frame 23 (t=0.191667):	total squared error = 0.00212955, marker error: RMS=0.00872098, max=0.0177066 (RToe)
Frame 24 (t=0.2):	total squared error = 0.00213266, marker error: RMS=0.00872733, max=0.0175664 (RToe)
Frame 25 (t=0.208333):	total squared error = 0.00213908, marker error: RMS=0.00874045, max=0.0172192 (RToe)
Frame 26 (t=0.216667):	total squared error = 0.00211735, marker error: RMS=0.00869596, max=0.0166801 (RShankSuperior)
Frame 27 (t=0.225):	total squared error = 0.00210093, marker error: RMS=0.00866217, max=0.0166448 (RShankSuperior)
Frame 28 (t=0.233333):	total squared error = 0.0020807, marker error: RMS=0.00862037, max=0.0162233 (RShankSuperior)
Frame 29 (t=0.241667):	total squared error = 0.00210969, marker error: RMS=0.0086802, max=0.0163664 (Sternum)
Frame 30 (t=0.25):	total squared error = 0.00210705, marker error: RMS=0.00867478, max=0.0163618 (Sternum)
Frame 31 (t=0.258333):	total squared error = 0.0021106, marker error: RMS=0.00868209, max=0.0163372 (Sternum)
Frame 32 (t=0.266667):	total squared error = 0.00219968, marker error: RMS=0.00886341, max=0.0163191 (RShankSuperior)
Frame 33 (t=0.275):	total squared error = 0.00228168, marker error: RMS=0.00902711, max=0.0179666 (RThighSuperior)
Frame 34 (t=0.283333):	total squared error = 0.00236751, marker error: RMS=0.00919533, max=0.0198091 (RThighSuperior)
Frame 35 (t=0.291667):	total squared error = 0.00249953, marker error: RMS=0.00944823, max=0.0219934 (RThighSuperior)
Frame 36 (t=0.3):	total squared error = 0.00262964, marker error: RMS=0.00969101, max=0.0242644 (RThighSuperior)
Frame 37 (t=0.308333):	total squared error = 0.00273368, marker error: RMS=0.00988085, max=0.0256515 (RThighSuperior)
Frame 38 (t=0.316667):	total squared error = 0.00279423, marker error: RMS=0.00998969, max=0.0270688 (RThighSuperior)
Frame 39 (t=0.325):	total squared error = 0.00290335, marker error: RMS=0.0101829, max=0.0286249 (RThighSuperior)
Frame 40 (t=0.333333):	total squared error = 0.00306266, marker error: RMS=0.0104585, max=0.0302651 (RThighSuperior)
Frame 41 (t=0.341667):	total squared error = 0.00319437, marker error: RMS=0.010681, max=0.0316731 (RThighSuperior)
Frame 42 (t=0.35):	total squared error = 0.00334857, marker error: RMS=0.0109358, max=0.0329454 (RThighSuperior)
Frame 43 (t=0.358333):	total squared error = 0.00349764, marker error: RMS=0.0111766, max=0.0341057 (RThighSuperior)
Frame 44 (t=0.366667):	total squared error = 0.00359394, marker error: RMS=0.0113294, max=0.034961 (RThighSuperior)
Frame 45 (t=0.375):	total squared error = 0.00370907, marker error: RMS=0.0115094, max=0.0356568 (RThighSuperior)
Frame 46 (t=0.383333):	total squared error = 0.00376336, marker error: RMS=0.0115933, max=0.0360998 (RThighSuperior)
Frame 47 (t=0.391667):	total squared error = 0.00380204, marker error: RMS=0.0116528, max=0.0362835 (RThighSuperior)
Frame 48 (t=0.4):	total squared error = 0.00379449, marker error: RMS=0.0116412, max=0.0361265 (RThighSuperior)
Frame 49 (t=0.408333):	total squared error = 0.00375784, marker error: RMS=0.0115848, max=0.0357504 (RThighSuperior)
Frame 50 (t=0.416667):	total squared error = 0.00368098, marker error: RMS=0.0114657, max=0.0349205 (RThighSuperior)
Frame 51 (t=0.425):	total squared error = 0.00355529, marker error: RMS=0.0112683, max=0.0338438 (RThighSuperior)
Frame 52 (t=0.433333):	total squared error = 0.00342887, marker error: RMS=0.0110661, max=0.0324594 (RThighSuperior)
Frame 53 (t=0.441667):	total squared error = 0.00324763, marker error: RMS=0.0107697, max=0.0306905 (RThighSuperior)
Frame 54 (t=0.45):	total squared error = 0.003105, marker error: RMS=0.0105306, max=0.0287418 (RThighSuperior)
Frame 55 (t=0.458333):	total squared error = 0.00298461, marker error: RMS=0.0103244, max=0.026924 (RThighSuperior)
Frame 56 (t=0.466667):	total squared error = 0.00289675, marker error: RMS=0.0101713, max=0.0251653 (RThighSuperior)
Frame 57 (t=0.475):	total squared error = 0.00285244, marker error: RMS=0.0100932, max=0.0239484 (RThighSuperior)
Frame 58 (t=0.483333):	total squared error = 0.00288635, marker error: RMS=0.010153, max=0.0231938 (RThighSuperior)
Frame 59 (t=0.491667):	total squared error = 0.00295454, marker error: RMS=0.0102723, max=0.0231034 (RThighSuperior)
Frame 60 (t=0.5):	total squared error = 0.00305809, marker error: RMS=0.0104507, max=0.0233535 (RThighSuperior)
Frame 61 (t=0.508333):	total squared error = 0.00318492, marker error: RMS=0.0106652, max=0.0241998 (RThighSuperior)
Frame 62 (t=0.516667):	total squared error = 0.00337682, marker error: RMS=0.0109818, max=0.0255673 (RThighSuperior)
Frame 63 (t=0.525):	total squared error = 0.00356057, marker error: RMS=0.0112767, max=0.0273555 (RThighSuperior)
Frame 64 (t=0.533333):	total squared error = 0.0037858, marker error: RMS=0.0116279, max=0.0290383 (RThighSuperior)
Frame 65 (t=0.541667):	total squared error = 0.00399709, marker error: RMS=0.0119479, max=0.030707 (RThighSuperior)
Frame 66 (t=0.55):	total squared error = 0.00411785, marker error: RMS=0.0121271, max=0.031946 (RThighSuperior)
Frame 67 (t=0.558333):	total squared error = 0.00417314, marker error: RMS=0.0122082, max=0.0325983 (RThighSuperior)
Frame 68 (t=0.566667):	total squared error = 0.00415461, marker error: RMS=0.0121811, max=0.0322692 (RThighSuperior)
Frame 69 (t=0.575):	total squared error = 0.00408312, marker error: RMS=0.0120758, max=0.0315514 (RThighSuperior)
Frame 70 (t=0.583333):	total squared error = 0.00396544, marker error: RMS=0.0119005, max=0.0302972 (RThighSuperior)
Frame 71 (t=0.591667):	total squared error = 0.00379778, marker error: RMS=0.0116463, max=0.0288344 (RThighSuperior)
Frame 72 (t=0.6):	total squared error = 0.00366049, marker error: RMS=0.0114338, max=0.027365 (RThighSuperior)
Frame 73 (t=0.608333):	total squared error = 0.00354981, marker error: RMS=0.0112596, max=0.0263066 (RThighSuperior)
Frame 74 (t=0.616667):	total squared error = 0.00347877, marker error: RMS=0.0111464, max=0.0252495 (RThighSuperior)
Frame 75 (t=0.625):	total squared error = 0.00336405, marker error: RMS=0.010961, max=0.0241529 (RThighSuperior)
Frame 76 (t=0.633333):	total squared error = 0.00323476, marker error: RMS=0.0107484, max=0.0231509 (RThighSuperior)
Frame 77 (t=0.641667):	total squared error = 0.00313292, marker error: RMS=0.0105778, max=0.0221538 (RThighSuperior)
Frame 78 (t=0.65):	total squared error = 0.00306439, marker error: RMS=0.0104615, max=0.0209644 (RThighSuperior)
Frame 79 (t=0.658333):	total squared error = 0.00310225, marker error: RMS=0.0105259, max=0.0197835 (RThighSuperior)
Frame 80 (t=0.666667):	total squared error = 0.00309623, marker error: RMS=0.0105157, max=0.0194803 (RToe)
Frame 81 (t=0.675):	total squared error = 0.00310144, marker error: RMS=0.0105245, max=0.019333 (RToe)
Frame 82 (t=0.683333):	total squared error = 0.00314107, marker error: RMS=0.0105916, max=0.0192421 (LShankLateral)
Frame 83 (t=0.691667):	total squared error = 0.00323118, marker error: RMS=0.0107424, max=0.021732 (LShankLateral)
Frame 84 (t=0.7):	total squared error = 0.00346549, marker error: RMS=0.0111251, max=0.0245616 (LShankLateral)
Frame 85 (t=0.708333):	total squared error = 0.00385486, marker error: RMS=0.0117334, max=0.0275689 (LShankLateral)
Frame 86 (t=0.716667):	total squared error = 0.00421065, marker error: RMS=0.012263, max=0.0304553 (LShankLateral)
Frame 87 (t=0.725):	total squared error = 0.00461497, marker error: RMS=0.0128382, max=0.0333181 (LShankLateral)
Frame 88 (t=0.733333):	total squared error = 0.00499296, marker error: RMS=0.0133537, max=0.03579 (LShankLateral)
Frame 89 (t=0.741667):	total squared error = 0.00534562, marker error: RMS=0.0138172, max=0.0376369 (LShankLateral)
Frame 90 (t=0.75):	total squared error = 0.00555734, marker error: RMS=0.0140882, max=0.0386945 (LShankLateral)
Frame 91 (t=0.758333):	total squared error = 0.00559658, marker error: RMS=0.0141378, max=0.0385234 (LShankLateral)
Frame 92 (t=0.766667):	total squared error = 0.00568311, marker error: RMS=0.0142467, max=0.0372106 (LShankLateral)
Frame 93 (t=0.775):	total squared error = 0.00571147, marker error: RMS=0.0142822, max=0.0346245 (LShankLateral)
Frame 94 (t=0.783333):	total squared error = 0.0058082, marker error: RMS=0.0144026, max=0.0330301 (LToe)
Frame 95 (t=0.791667):	total squared error = 0.004352, marker error: RMS=0.0124671, max=0.03172 (LToe)
Frame 96 (t=0.8):	total squared error = 0.00395636, marker error: RMS=0.0118869, max=0.0306137 (LToe)
Frame 97 (t=0.808333):	total squared error = 0.00362594, marker error: RMS=0.0113797, max=0.0293732 (LToe)
Frame 98 (t=0.816667):	total squared error = 0.00338046, marker error: RMS=0.0109878, max=0.0280878 (LToe)
Frame 99 (t=0.825):	total squared error = 0.0031381, marker error: RMS=0.0105865, max=0.0265579 (LToe)
Frame 100 (t=0.833333):	total squared error = 0.00296217, marker error: RMS=0.0102855, max=0.024626 (LToe)
Frame 101 (t=0.841667):	total squared error = 0.00288793, marker error: RMS=0.0101558, max=0.0233091 (LToe)
Frame 102 (t=0.85):	total squared error = 0.00286969, marker error: RMS=0.0101237, max=0.0225509 (LToe)
Frame 103 (t=0.858333):	total squared error = 0.00276198, marker error: RMS=0.00993187, max=0.0211931 (LToe)
Frame 104 (t=0.866667):	total squared error = 0.00265196, marker error: RMS=0.00973205, max=0.0198544 (LToe)
Frame 105 (t=0.875):	total squared error = 0.00246862, marker error: RMS=0.00938961, max=0.0185236 (LToe)
Frame 106 (t=0.883333):	total squared error = 0.00229415, marker error: RMS=0.00905173, max=0.0170476 (LMidfootMedial)
Frame 107 (t=0.891667):	total squared error = 0.00209947, marker error: RMS=0.00865917, max=0.0157348 (LToe)
Frame 108 (t=0.9):	total squared error = 0.00202306, marker error: RMS=0.00850012, max=0.0156027 (Sternum)
Frame 109 (t=0.908333):	total squared error = 0.0018791, marker error: RMS=0.0081921, max=0.0155904 (Sternum)
Frame 110 (t=0.916667):	total squared error = 0.00180118, marker error: RMS=0.00802046, max=0.0155512 (Sternum)
Frame 111 (t=0.925):	total squared error = 0.00173141, marker error: RMS=0.00786359, max=0.015373 (Sternum)
Frame 112 (t=0.933333):	total squared error = 0.00170839, marker error: RMS=0.00781113, max=0.0153455 (Sternum)
Frame 113 (t=0.941667):	total squared error = 0.00166723, marker error: RMS=0.00771648, max=0.0152283 (Sternum)
Frame 114 (t=0.95):	total squared error = 0.0016672, marker error: RMS=0.00771641, max=0.0151484 (Sternum)
Frame 115 (t=0.958333):	total squared error = 0.00164875, marker error: RMS=0.00767358, max=0.0152217 (Sternum)
Frame 116 (t=0.966667):	total squared error = 0.00163863, marker error: RMS=0.00765001, max=0.0152062 (Sternum)
Frame 117 (t=0.975):	total squared error = 0.00162704, marker error: RMS=0.00762289, max=0.015268 (Sternum)
Frame 118 (t=0.983333):	total squared error = 0.00160217, marker error: RMS=0.00756442, max=0.0152751 (Sternum)
Frame 119 (t=0.991667):	total squared error = 0.00152674, marker error: RMS=0.00738421, max=0.0153197 (Sternum)
Frame 120 (t=1):	total squared error = 0.00145646, marker error: RMS=0.00721223, max=0.0154659 (Sternum)
Frame 121 (t=1.00833):	total squared error = 0.00138293, marker error: RMS=0.00702783, max=0.015608 (Sternum)
Frame 122 (t=1.01667):	total squared error = 0.00135536, marker error: RMS=0.00695742, max=0.0156439 (Sternum)
Frame 123 (t=1.025):	total squared error = 0.00135088, marker error: RMS=0.00694592, max=0.0157554 (Sternum)
Frame 124 (t=1.03333):	total squared error = 0.00131339, marker error: RMS=0.00684885, max=0.0157374 (Sternum)
Frame 125 (t=1.04167):	total squared error = 0.00141305, marker error: RMS=0.00710395, max=0.0156348 (Sternum)
Frame 126 (t=1.05):	total squared error = 0.00167033, marker error: RMS=0.00772364, max=0.0200373 (LHeel)
Frame 127 (t=1.05833):	total squared error = 0.00191036, marker error: RMS=0.00825998, max=0.0238206 (LHeel)
Frame 128 (t=1.06667):	total squared error = 0.00201048, marker error: RMS=0.00847365, max=0.025154 (LHeel)
Frame 129 (t=1.075):	total squared error = 0.00199679, marker error: RMS=0.00844476, max=0.0246869 (LHeel)
Frame 130 (t=1.08333):	total squared error = 0.00190132, marker error: RMS=0.00824042, max=0.0229099 (LHeel)
Frame 131 (t=1.09167):	total squared error = 0.00177859, marker error: RMS=0.00797, max=0.0200346 (LHeel)
InverseKinematicsTool completed 131 frames in 9.499s

IK compute time = 9880ms

